<?xml version="1.0" encoding="UTF-8"?>
<!-- Generated by org.testng.reporters.JUnitReportReporter -->
<testsuite hostname="DESKTOP-K9FM7UL" failures="0" tests="6" name="test.java.tests.Users" time="15.471" errors="0" timestamp="5 Apr 2022 18:02:31 GMT">
  <testcase classname="test.java.tests.Users" name="searchExistentUser" time="1.325"/>
  <testcase classname="test.java.tests.Users" name="createUser" time="6.278"/>
  <testcase classname="test.java.tests.Users" name="deleteUser" time="1.351"/>
  <testcase classname="test.java.tests.Users" name="editUser" time="3.946"/>
  <testcase classname="test.java.tests.Users" name="searchNonexistentUser" time="1.272"/>
  <testcase classname="test.java.tests.Users" name="searchAllUsers" time="1.299"/>
</testsuite> <!-- test.java.tests.Users -->
